<?xml version="1.0" encoding="UTF-8"?>
<!-- Generated by org.testng.reporters.JUnitReportReporter -->
<testsuite hostname="DESKTOP-KIGLD1P" name="testcase.SubmitNewBkTest" tests="1" failures="0" timestamp="31 May 2018 02:42:12 GMT" time="14.958" errors="0">
  <testcase name="submitnewbk" time="14.958" classname="testcase.SubmitNewBkTest"/>
</testsuite> <!-- testcase.SubmitNewBkTest -->
