<?xml version="1.0" encoding="UTF-8"?>
<!-- Generated by org.testng.reporters.JUnitReportReporter -->
<testsuite hostname="DESKTOP-KIGLD1P" name="testcase.SubmitNewBkTest" tests="1" failures="0" timestamp="30 May 2018 11:39:21 GMT" time="16.157" errors="0">
  <testcase name="submitnewbk" time="16.157" classname="testcase.SubmitNewBkTest"/>
</testsuite> <!-- testcase.SubmitNewBkTest -->
